
> frontend@0.1.0 dev
> next dev

 ⚠ Warning: Next.js inferred your workspace root, but it may not be correct.
 We detected multiple lockfiles and selected the directory of C:\Users\241DC240PJ\package-lock.json as the root directory.
 To silence this warning, set `turbopack.root` in your Next.js config, or consider removing one of the lockfiles if it's not needed.
   See https://nextjs.org/docs/app/api-reference/config/next-config-js/turbopack#root-directory for more information.
 Detected additional lockfiles: 
   * C:\Users\241DC240PJ\smartboard-fyp\package-lock.json

   ▲ Next.js 16.0.7 (Turbopack)
   - Local:         http://localhost:3000
   - Network:       http://192.168.100.48:3000

 ✓ Starting...
 ⨯ Unable to acquire lock at C:\Users\241DC240PJ\smartboard-fyp\apps\frontend\.next\dev\lock, is another instance of next dev running?
   Suggestion: If you intended to restart next dev, terminate the other process, and then try again.
[?25h
npm error Lifecycle script `dev` failed with error:
npm error code 1
npm error path C:\Users\241DC240PJ\smartboard-fyp\apps\frontend
npm error workspace frontend@0.1.0
npm error location C:\Users\241DC240PJ\smartboard-fyp\apps\frontend
npm error command failed
npm error command C:\WINDOWS\system32\cmd.exe /d /s /c next dev
